<?xml version="1.0" encoding="UTF-8"?>
<testsuite name="com.mindex.challenge.service.impl.CompensationServiceImplTest" tests="3" skipped="0" failures="0" errors="0" timestamp="2025-01-20T18:53:40" hostname="DESKTOP-EBSQJV1" time="0.68">
  <properties/>
  <testcase name="testUpdateCompensation_Success" classname="com.mindex.challenge.service.impl.CompensationServiceImplTest" time="0.658"/>
  <testcase name="testReadCompensation_Success" classname="com.mindex.challenge.service.impl.CompensationServiceImplTest" time="0.018"/>
  <testcase name="testCreateCompensation_Success" classname="com.mindex.challenge.service.impl.CompensationServiceImplTest" time="0.003"/>
  <system-out><![CDATA[13:53:37.772 [Test worker] INFO org.springframework.test.context.support.AnnotationConfigContextLoaderUtils -- Could not detect default configuration classes for test class [com.mindex.challenge.service.impl.CompensationServiceImplTest]: CompensationServiceImplTest does not declare any static, non-private, non-final, nested classes annotated with @Configuration.
13:53:37.870 [Test worker] INFO org.springframework.boot.test.context.SpringBootTestContextBootstrapper -- Found @SpringBootConfiguration com.mindex.challenge.ChallengeApplication for test class com.mindex.challenge.service.impl.CompensationServiceImplTest

  .   ____          _            __ _ _
 /\\ / ___'_ __ _ _(_)_ __  __ _ \ \ \ \
( ( )\___ | '_ | '_| | '_ \/ _` | \ \ \ \
 \\/  ___)| |_)| | | | | || (_| |  ) ) ) )
  '  |____| .__|_| |_|_| |_\__, | / / / /
 =========|_|==============|___/=/_/_/_/
 :: Spring Boot ::                (v3.2.3)

2025-01-20T13:53:38.178-05:00  INFO 16444 --- [    Test worker] c.m.c.s.i.CompensationServiceImplTest    : Starting CompensationServiceImplTest using Java 17.0.9 with PID 16444 (started by Simon in C:\Users\Simon\Documents\mindex-code-challenge\mindex-code-challenge)
2025-01-20T13:53:38.180-05:00 DEBUG 16444 --- [    Test worker] c.m.c.s.i.CompensationServiceImplTest    : Running with Spring Boot v3.2.3, Spring v6.1.4
2025-01-20T13:53:38.180-05:00  INFO 16444 --- [    Test worker] c.m.c.s.i.CompensationServiceImplTest    : No active profile set, falling back to 1 default profile: "default"
2025-01-20T13:53:38.490-05:00  INFO 16444 --- [    Test worker] .s.d.r.c.RepositoryConfigurationDelegate : Bootstrapping Spring Data MongoDB repositories in DEFAULT mode.
2025-01-20T13:53:38.521-05:00  INFO 16444 --- [    Test worker] .s.d.r.c.RepositoryConfigurationDelegate : Finished Spring Data repository scanning in 27 ms. Found 1 MongoDB repository interface.
2025-01-20T13:53:38.984-05:00  INFO 16444 --- [    Test worker] o.s.b.w.embedded.tomcat.TomcatWebServer  : Tomcat initialized with port 0 (http)
2025-01-20T13:53:38.994-05:00  INFO 16444 --- [    Test worker] o.apache.catalina.core.StandardService   : Starting service [Tomcat]
2025-01-20T13:53:38.994-05:00  INFO 16444 --- [    Test worker] o.apache.catalina.core.StandardEngine    : Starting Servlet engine: [Apache Tomcat/10.1.19]
2025-01-20T13:53:39.046-05:00  INFO 16444 --- [    Test worker] o.a.c.c.C.[Tomcat].[localhost].[/]       : Initializing Spring embedded WebApplicationContext
2025-01-20T13:53:39.047-05:00  INFO 16444 --- [    Test worker] w.s.c.ServletWebServerApplicationContext : Root WebApplicationContext: initialization completed in 852 ms
2025-01-20T13:53:39.298-05:00  INFO 16444 --- [    Test worker] de.bwaldvogel.mongo.MongoServer          : started MongoServer(port: 50781, ssl: false)
2025-01-20T13:53:39.399-05:00  INFO 16444 --- [    Test worker] org.mongodb.driver.client                : MongoClient with metadata {"driver": {"name": "mongo-java-driver|sync", "version": "4.11.1"}, "os": {"type": "Windows", "name": "Windows 11", "architecture": "amd64", "version": "10.0"}, "platform": "Java/Oracle Corporation/17.0.9+11-LTS-201"} created with settings MongoClientSettings{readPreference=primary, writeConcern=WriteConcern{w=null, wTimeout=null ms, journal=null}, retryWrites=true, retryReads=true, readConcern=ReadConcern{level=null}, credential=null, transportSettings=null, streamFactoryFactory=null, commandListeners=[], codecRegistry=ProvidersCodecRegistry{codecProviders=[ValueCodecProvider{}, BsonValueCodecProvider{}, DBRefCodecProvider{}, DBObjectCodecProvider{}, DocumentCodecProvider{}, CollectionCodecProvider{}, IterableCodecProvider{}, MapCodecProvider{}, GeoJsonCodecProvider{}, GridFSFileCodecProvider{}, Jsr310CodecProvider{}, JsonObjectCodecProvider{}, BsonCodecProvider{}, EnumCodecProvider{}, com.mongodb.client.model.mql.ExpressionCodecProvider@4fb57fb3, com.mongodb.Jep395RecordCodecProvider@6b063470, com.mongodb.KotlinCodecProvider@226d5af0]}, loggerSettings=LoggerSettings{maxDocumentLength=1000}, clusterSettings={hosts=[kubernetes.docker.internal:50781], srvServiceName=mongodb, mode=SINGLE, requiredClusterType=UNKNOWN, requiredReplicaSetName='null', serverSelector='null', clusterListeners='[]', serverSelectionTimeout='30000 ms', localThreshold='15 ms'}, socketSettings=SocketSettings{connectTimeoutMS=10000, readTimeoutMS=0, receiveBufferSize=0, proxySettings=ProxySettings{host=null, port=null, username=null, password=null}}, heartbeatSocketSettings=SocketSettings{connectTimeoutMS=10000, readTimeoutMS=10000, receiveBufferSize=0, proxySettings=ProxySettings{host=null, port=null, username=null, password=null}}, connectionPoolSettings=ConnectionPoolSettings{maxSize=100, minSize=0, maxWaitTimeMS=120000, maxConnectionLifeTimeMS=0, maxConnectionIdleTimeMS=0, maintenanceInitialDelayMS=0, maintenanceFrequencyMS=60000, connectionPoolListeners=[], maxConnecting=2}, serverSettings=ServerSettings{heartbeatFrequencyMS=10000, minHeartbeatFrequencyMS=500, serverListeners='[]', serverMonitorListeners='[]'}, sslSettings=SslSettings{enabled=false, invalidHostNameAllowed=false, context=null}, applicationName='null', compressorList=[], uuidRepresentation=UNSPECIFIED, serverApi=null, autoEncryptionSettings=null, dnsClient=null, inetAddressResolver=null, contextProvider=null}
2025-01-20T13:53:39.409-05:00  INFO 16444 --- [-server-worker1] d.b.mongo.wire.MongoWireProtocolHandler  : client [id: 0xd8ea5c62, L:/127.0.0.1:50781 - R:/127.0.0.1:50782] connected
2025-01-20T13:53:39.409-05:00  INFO 16444 --- [-server-worker2] d.b.mongo.wire.MongoWireProtocolHandler  : client [id: 0x8f76d7c0, L:/127.0.0.1:50781 - R:/127.0.0.1:50783] connected
2025-01-20T13:53:39.473-05:00  INFO 16444 --- [.internal:50781] org.mongodb.driver.cluster               : Monitor thread successfully connected to server with description ServerDescription{address=kubernetes.docker.internal:50781, type=STANDALONE, state=CONNECTED, ok=true, minWireVersion=0, maxWireVersion=6, maxDocumentSize=16777216, logicalSessionTimeoutMinutes=null, roundTripTimeNanos=77964100}
2025-01-20T13:53:39.874-05:00  INFO 16444 --- [-server-worker3] d.b.mongo.wire.MongoWireProtocolHandler  : client [id: 0x1b240e27, L:/127.0.0.1:50781 - R:/127.0.0.1:50784] connected
2025-01-20T13:53:39.898-05:00  INFO 16444 --- [-server-worker3] d.b.mongo.backend.AbstractMongoBackend   : created database test
2025-01-20T13:53:39.902-05:00  INFO 16444 --- [-server-worker3] d.b.mongo.backend.AbstractMongoDatabase  : adding unique _id index for collection employee
2025-01-20T13:53:39.910-05:00  INFO 16444 --- [-server-worker3] d.b.mongo.backend.AbstractMongoDatabase  : created collection test.employee
2025-01-20T13:53:40.234-05:00  INFO 16444 --- [    Test worker] o.s.b.w.embedded.tomcat.TomcatWebServer  : Tomcat started on port 50785 (http) with context path ''
2025-01-20T13:53:40.242-05:00  INFO 16444 --- [    Test worker] c.m.c.s.i.CompensationServiceImplTest    : Started CompensationServiceImplTest in 2.258 seconds (process running for 3.021)
2025-01-20T13:53:40.851-05:00  INFO 16444 --- [o-auto-1-exec-1] o.a.c.c.C.[Tomcat].[localhost].[/]       : Initializing Spring DispatcherServlet 'dispatcherServlet'
2025-01-20T13:53:40.852-05:00  INFO 16444 --- [o-auto-1-exec-1] o.s.web.servlet.DispatcherServlet        : Initializing Servlet 'dispatcherServlet'
2025-01-20T13:53:40.852-05:00  INFO 16444 --- [o-auto-1-exec-1] o.s.web.servlet.DispatcherServlet        : Completed initialization in 0 ms
2025-01-20T13:53:40.881-05:00  WARN 16444 --- [o-auto-1-exec-1] .w.s.m.s.DefaultHandlerExceptionResolver : Resolved [org.springframework.web.bind.MissingServletRequestParameterException: Required request parameter 'salary' for method parameter type double is not present]
2025-01-20T13:53:40.918-05:00 DEBUG 16444 --- [o-auto-1-exec-2] c.m.c.controller.EmployeeController      : Received compensation read request for employee id [16a596ae-edd3-4847-99fe-c4518e82c86f]
2025-01-20T13:53:40.918-05:00 DEBUG 16444 --- [o-auto-1-exec-2] c.m.c.s.impl.CompensationServiceImpl     : Fetching compensation for employee [16a596ae-edd3-4847-99fe-c4518e82c86f]
]]></system-out>
  <system-err><![CDATA[]]></system-err>
</testsuite>
